   1               		.file	"eeprom.c"
   2               	__SREG__ = 0x3f
   3               	__SP_H__ = 0x3e
   4               	__SP_L__ = 0x3d
   5               	__CCP__  = 0x34
   6               	__tmp_reg__ = 0
   7               	__zero_reg__ = 1
   8               		.global __do_copy_data
   9               		.global __do_clear_bss
  12               		.text
  13               	.Ltext0:
 101               	.global	EE_DATA
 102               		.section	.progmem.data,"a",@progbits
 105               	EE_DATA:
 106 0000 9D        		.byte	-99
 107               	.global	EE_INIT
 108               		.section	.eeprom,"aw",@progbits
 111               	EE_INIT:
 112 0000 9D        		.byte	-99
 113               	.global	EE_ALARM_HOUR
 116               	EE_ALARM_HOUR:
 117 0001 07        		.byte	7
 118               	.global	EE_ALARM_MIN
 121               	EE_ALARM_MIN:
 122 0002 1E        		.byte	30
 123               	.global	EE_BRIGHT
 126               	EE_BRIGHT:
 127 0003 10        		.byte	16
 128               	.global	EE_REGION
 131               	EE_REGION:
 132 0004 00        		.skip 1,0
 133               	.global	EE_TIME_FORMAT
 136               	EE_TIME_FORMAT:
 137 0005 00        		.skip 1,0
 138               	.global	EE_SNOOZE
 141               	EE_SNOOZE:
 142 0006 0A        		.byte	10
 143               	.global	EE_STYLE
 146               	EE_STYLE:
 147 0007 D4        		.byte	-44
 148               	.global	EE_DOB_MONTH
 151               	EE_DOB_MONTH:
 152 0008 0B        		.byte	11
 153               	.global	EE_DOB_DAY
 156               	EE_DOB_DAY:
 157 0009 0E        		.byte	14
 158               	.global	EE_DOB_YEAR
 161               	EE_DOB_YEAR:
 162 000a 50        		.byte	80
 163               	.global	EE_SET_MONTH
 166               	EE_SET_MONTH:
 167 000b 07        		.byte	7
 168               	.global	EE_SET_DAY
 171               	EE_SET_DAY:
 172 000c 1C        		.byte	28
 173               	.global	EE_SET_YEAR
 176               	EE_SET_YEAR:
 177 000d 6E        		.byte	110
 178               	.global	EE_GENDER
 181               	EE_GENDER:
 182 000e 00        		.skip 1,0
 183               	.global	EE_DC_MODE
 186               	EE_DC_MODE:
 187 000f 00        		.skip 1,0
 188               	.global	EE_BMI_UNIT
 191               	EE_BMI_UNIT:
 192 0010 00        		.skip 1,0
 193               	.global	EE_BMI_WEIGHT
 196               	EE_BMI_WEIGHT:
 197 0011 9001      		.word	400
 198               	.global	EE_BMI_HEIGHT
 201               	EE_BMI_HEIGHT:
 202 0013 4E00      		.word	78
 203               	.global	EE_SMOKER
 206               	EE_SMOKER:
 207 0015 00        		.skip 1,0
 208               	.global	EE_SET_HOUR
 211               	EE_SET_HOUR:
 212 0016 14        		.byte	20
 213               	.global	EE_SET_MIN
 216               	EE_SET_MIN:
 217 0017 05        		.byte	5
 218               	.global	EE_SET_SEC
 221               	EE_SET_SEC:
 222 0018 19        		.byte	25
 223               	.global	EE_TIMEZONE
 226               	EE_TIMEZONE:
 227 0019 E0        		.byte	-32
 228               	.global	BigFont
 231               	BigFont:
 232 001a FF        		.byte	-1
 233 001b 81        		.byte	-127
 234 001c 81        		.byte	-127
 235 001d FF        		.byte	-1
 236 001e 00        		.byte	0
 237 001f 00        		.byte	0
 238 0020 00        		.byte	0
 239 0021 FF        		.byte	-1
 240 0022 9F        		.byte	-97
 241 0023 91        		.byte	-111
 242 0024 91        		.byte	-111
 243 0025 F1        		.byte	-15
 244 0026 91        		.byte	-111
 245 0027 91        		.byte	-111
 246 0028 91        		.byte	-111
 247 0029 FF        		.byte	-1
 248 002a F0        		.byte	-16
 249 002b 10        		.byte	16
 250 002c 10        		.byte	16
 251 002d FF        		.byte	-1
 252 002e F1        		.byte	-15
 253 002f 91        		.byte	-111
 254 0030 91        		.byte	-111
 255 0031 9F        		.byte	-97
 256 0032 FF        		.byte	-1
 257 0033 91        		.byte	-111
 258 0034 91        		.byte	-111
 259 0035 9F        		.byte	-97
 260 0036 80        		.byte	-128
 261 0037 80        		.byte	-128
 262 0038 80        		.byte	-128
 263 0039 FF        		.byte	-1
 264 003a FF        		.byte	-1
 265 003b 91        		.byte	-111
 266 003c 91        		.byte	-111
 267 003d FF        		.byte	-1
 268 003e F1        		.byte	-15
 269 003f 91        		.byte	-111
 270 0040 91        		.byte	-111
 271 0041 FF        		.byte	-1
 272 0042 00        		.byte	0
 273 0043 66        		.byte	102
 274 0044 66        		.byte	102
 275 0045 00        		.byte	0
 276 0046 00        		.byte	0
 277 0047 18        		.byte	24
 278 0048 18        		.byte	24
 279 0049 00        		.byte	0
 280 004a 00        		.byte	0
 281 004b 00        		.byte	0
 282 004c 00        		.byte	0
 283 004d 00        		.byte	0
 284 004e FF        		.byte	-1
 285 004f 90        		.byte	-112
 286 0050 90        		.byte	-112
 287 0051 FF        		.byte	-1
 288 0052 FF        		.byte	-1
 289 0053 90        		.byte	-112
 290 0054 90        		.byte	-112
 291 0055 F0        		.byte	-16
 292 0056 9F        		.byte	-97
 293 0057 90        		.byte	-112
 294 0058 90        		.byte	-112
 295 0059 9F        		.byte	-97
 296 005a 00        		.byte	0
 297 005b 60        		.byte	96
 298 005c 60        		.byte	96
 299 005d 00        		.byte	0
 300 005e 00        		.byte	0
 301 005f 06        		.byte	6
 302 0060 06        		.byte	6
 303 0061 00        		.byte	0
 304               	.global	Font5x7
 307               	Font5x7:
 308 0062 00        		.byte	0
 309 0063 00        		.byte	0
 310 0064 00        		.byte	0
 311 0065 00        		.byte	0
 312 0066 00        		.byte	0
 313 0067 00        		.byte	0
 314 0068 00        		.byte	0
 315 0069 5F        		.byte	95
 316 006a 00        		.byte	0
 317 006b 00        		.byte	0
 318 006c 00        		.byte	0
 319 006d 07        		.byte	7
 320 006e 00        		.byte	0
 321 006f 07        		.byte	7
 322 0070 00        		.byte	0
 323 0071 14        		.byte	20
 324 0072 7F        		.byte	127
 325 0073 14        		.byte	20
 326 0074 7F        		.byte	127
 327 0075 14        		.byte	20
 328 0076 24        		.byte	36
 329 0077 2A        		.byte	42
 330 0078 7F        		.byte	127
 331 0079 2A        		.byte	42
 332 007a 12        		.byte	18
 333 007b 23        		.byte	35
 334 007c 13        		.byte	19
 335 007d 08        		.byte	8
 336 007e 64        		.byte	100
 337 007f 62        		.byte	98
 338 0080 36        		.byte	54
 339 0081 49        		.byte	73
 340 0082 55        		.byte	85
 341 0083 22        		.byte	34
 342 0084 50        		.byte	80
 343 0085 00        		.byte	0
 344 0086 05        		.byte	5
 345 0087 03        		.byte	3
 346 0088 00        		.byte	0
 347 0089 00        		.byte	0
 348 008a 00        		.byte	0
 349 008b 1C        		.byte	28
 350 008c 22        		.byte	34
 351 008d 41        		.byte	65
 352 008e 00        		.byte	0
 353 008f 00        		.byte	0
 354 0090 41        		.byte	65
 355 0091 22        		.byte	34
 356 0092 1C        		.byte	28
 357 0093 00        		.byte	0
 358 0094 08        		.byte	8
 359 0095 2A        		.byte	42
 360 0096 1C        		.byte	28
 361 0097 2A        		.byte	42
 362 0098 08        		.byte	8
 363 0099 08        		.byte	8
 364 009a 08        		.byte	8
 365 009b 3E        		.byte	62
 366 009c 08        		.byte	8
 367 009d 08        		.byte	8
 368 009e 00        		.byte	0
 369 009f 50        		.byte	80
 370 00a0 30        		.byte	48
 371 00a1 00        		.byte	0
 372 00a2 00        		.byte	0
 373 00a3 08        		.byte	8
 374 00a4 08        		.byte	8
 375 00a5 08        		.byte	8
 376 00a6 08        		.byte	8
 377 00a7 08        		.byte	8
 378 00a8 00        		.byte	0
 379 00a9 60        		.byte	96
 380 00aa 60        		.byte	96
 381 00ab 00        		.byte	0
 382 00ac 00        		.byte	0
 383 00ad 20        		.byte	32
 384 00ae 10        		.byte	16
 385 00af 08        		.byte	8
 386 00b0 04        		.byte	4
 387 00b1 02        		.byte	2
 388 00b2 3E        		.byte	62
 389 00b3 51        		.byte	81
 390 00b4 49        		.byte	73
 391 00b5 45        		.byte	69
 392 00b6 3E        		.byte	62
 393 00b7 00        		.byte	0
 394 00b8 42        		.byte	66
 395 00b9 7F        		.byte	127
 396 00ba 40        		.byte	64
 397 00bb 00        		.byte	0
 398 00bc 42        		.byte	66
 399 00bd 61        		.byte	97
 400 00be 51        		.byte	81
 401 00bf 49        		.byte	73
 402 00c0 46        		.byte	70
 403 00c1 21        		.byte	33
 404 00c2 41        		.byte	65
 405 00c3 45        		.byte	69
 406 00c4 4B        		.byte	75
 407 00c5 31        		.byte	49
 408 00c6 18        		.byte	24
 409 00c7 14        		.byte	20
 410 00c8 12        		.byte	18
 411 00c9 7F        		.byte	127
 412 00ca 10        		.byte	16
 413 00cb 27        		.byte	39
 414 00cc 45        		.byte	69
 415 00cd 45        		.byte	69
 416 00ce 45        		.byte	69
 417 00cf 39        		.byte	57
 418 00d0 3C        		.byte	60
 419 00d1 4A        		.byte	74
 420 00d2 49        		.byte	73
 421 00d3 49        		.byte	73
 422 00d4 30        		.byte	48
 423 00d5 01        		.byte	1
 424 00d6 71        		.byte	113
 425 00d7 09        		.byte	9
 426 00d8 05        		.byte	5
 427 00d9 03        		.byte	3
 428 00da 36        		.byte	54
 429 00db 49        		.byte	73
 430 00dc 49        		.byte	73
 431 00dd 49        		.byte	73
 432 00de 36        		.byte	54
 433 00df 06        		.byte	6
 434 00e0 49        		.byte	73
 435 00e1 49        		.byte	73
 436 00e2 29        		.byte	41
 437 00e3 1E        		.byte	30
 438 00e4 00        		.byte	0
 439 00e5 36        		.byte	54
 440 00e6 36        		.byte	54
 441 00e7 00        		.byte	0
 442 00e8 00        		.byte	0
 443 00e9 00        		.byte	0
 444 00ea 56        		.byte	86
 445 00eb 36        		.byte	54
 446 00ec 00        		.byte	0
 447 00ed 00        		.byte	0
 448 00ee 00        		.byte	0
 449 00ef 08        		.byte	8
 450 00f0 14        		.byte	20
 451 00f1 22        		.byte	34
 452 00f2 41        		.byte	65
 453 00f3 14        		.byte	20
 454 00f4 14        		.byte	20
 455 00f5 14        		.byte	20
 456 00f6 14        		.byte	20
 457 00f7 14        		.byte	20
 458 00f8 41        		.byte	65
 459 00f9 22        		.byte	34
 460 00fa 14        		.byte	20
 461 00fb 08        		.byte	8
 462 00fc 00        		.byte	0
 463 00fd 02        		.byte	2
 464 00fe 01        		.byte	1
 465 00ff 51        		.byte	81
 466 0100 09        		.byte	9
 467 0101 06        		.byte	6
 468 0102 32        		.byte	50
 469 0103 49        		.byte	73
 470 0104 79        		.byte	121
 471 0105 41        		.byte	65
 472 0106 3E        		.byte	62
 473 0107 7E        		.byte	126
 474 0108 11        		.byte	17
 475 0109 11        		.byte	17
 476 010a 11        		.byte	17
 477 010b 7E        		.byte	126
 478 010c 7F        		.byte	127
 479 010d 49        		.byte	73
 480 010e 49        		.byte	73
 481 010f 49        		.byte	73
 482 0110 36        		.byte	54
 483 0111 3E        		.byte	62
 484 0112 41        		.byte	65
 485 0113 41        		.byte	65
 486 0114 41        		.byte	65
 487 0115 22        		.byte	34
 488 0116 7F        		.byte	127
 489 0117 41        		.byte	65
 490 0118 41        		.byte	65
 491 0119 22        		.byte	34
 492 011a 1C        		.byte	28
 493 011b 7F        		.byte	127
 494 011c 49        		.byte	73
 495 011d 49        		.byte	73
 496 011e 49        		.byte	73
 497 011f 41        		.byte	65
 498 0120 7F        		.byte	127
 499 0121 09        		.byte	9
 500 0122 09        		.byte	9
 501 0123 01        		.byte	1
 502 0124 01        		.byte	1
 503 0125 3E        		.byte	62
 504 0126 41        		.byte	65
 505 0127 41        		.byte	65
 506 0128 51        		.byte	81
 507 0129 32        		.byte	50
 508 012a 7F        		.byte	127
 509 012b 08        		.byte	8
 510 012c 08        		.byte	8
 511 012d 08        		.byte	8
 512 012e 7F        		.byte	127
 513 012f 00        		.byte	0
 514 0130 41        		.byte	65
 515 0131 7F        		.byte	127
 516 0132 41        		.byte	65
 517 0133 00        		.byte	0
 518 0134 20        		.byte	32
 519 0135 40        		.byte	64
 520 0136 41        		.byte	65
 521 0137 3F        		.byte	63
 522 0138 01        		.byte	1
 523 0139 7F        		.byte	127
 524 013a 08        		.byte	8
 525 013b 14        		.byte	20
 526 013c 22        		.byte	34
 527 013d 41        		.byte	65
 528 013e 7F        		.byte	127
 529 013f 40        		.byte	64
 530 0140 40        		.byte	64
 531 0141 40        		.byte	64
 532 0142 40        		.byte	64
 533 0143 7F        		.byte	127
 534 0144 02        		.byte	2
 535 0145 04        		.byte	4
 536 0146 02        		.byte	2
 537 0147 7F        		.byte	127
 538 0148 7F        		.byte	127
 539 0149 04        		.byte	4
 540 014a 08        		.byte	8
 541 014b 10        		.byte	16
 542 014c 7F        		.byte	127
 543 014d 3E        		.byte	62
 544 014e 41        		.byte	65
 545 014f 41        		.byte	65
 546 0150 41        		.byte	65
 547 0151 3E        		.byte	62
 548 0152 7F        		.byte	127
 549 0153 09        		.byte	9
 550 0154 09        		.byte	9
 551 0155 09        		.byte	9
 552 0156 06        		.byte	6
 553 0157 3E        		.byte	62
 554 0158 41        		.byte	65
 555 0159 51        		.byte	81
 556 015a 21        		.byte	33
 557 015b 5E        		.byte	94
 558 015c 7F        		.byte	127
 559 015d 09        		.byte	9
 560 015e 19        		.byte	25
 561 015f 29        		.byte	41
 562 0160 46        		.byte	70
 563 0161 46        		.byte	70
 564 0162 49        		.byte	73
 565 0163 49        		.byte	73
 566 0164 49        		.byte	73
 567 0165 31        		.byte	49
 568 0166 01        		.byte	1
 569 0167 01        		.byte	1
 570 0168 7F        		.byte	127
 571 0169 01        		.byte	1
 572 016a 01        		.byte	1
 573 016b 3F        		.byte	63
 574 016c 40        		.byte	64
 575 016d 40        		.byte	64
 576 016e 40        		.byte	64
 577 016f 3F        		.byte	63
 578 0170 1F        		.byte	31
 579 0171 20        		.byte	32
 580 0172 40        		.byte	64
 581 0173 20        		.byte	32
 582 0174 1F        		.byte	31
 583 0175 7F        		.byte	127
 584 0176 20        		.byte	32
 585 0177 18        		.byte	24
 586 0178 20        		.byte	32
 587 0179 7F        		.byte	127
 588 017a 63        		.byte	99
 589 017b 14        		.byte	20
 590 017c 08        		.byte	8
 591 017d 14        		.byte	20
 592 017e 63        		.byte	99
 593 017f 03        		.byte	3
 594 0180 04        		.byte	4
 595 0181 78        		.byte	120
 596 0182 04        		.byte	4
 597 0183 03        		.byte	3
 598 0184 61        		.byte	97
 599 0185 51        		.byte	81
 600 0186 49        		.byte	73
 601 0187 45        		.byte	69
 602 0188 43        		.byte	67
 603 0189 00        		.byte	0
 604 018a 00        		.byte	0
 605 018b 7F        		.byte	127
 606 018c 41        		.byte	65
 607 018d 41        		.byte	65
 608 018e 02        		.byte	2
 609 018f 04        		.byte	4
 610 0190 08        		.byte	8
 611 0191 10        		.byte	16
 612 0192 20        		.byte	32
 613 0193 41        		.byte	65
 614 0194 41        		.byte	65
 615 0195 7F        		.byte	127
 616 0196 00        		.byte	0
 617 0197 00        		.byte	0
 618 0198 04        		.byte	4
 619 0199 02        		.byte	2
 620 019a 01        		.byte	1
 621 019b 02        		.byte	2
 622 019c 04        		.byte	4
 623 019d 40        		.byte	64
 624 019e 40        		.byte	64
 625 019f 40        		.byte	64
 626 01a0 40        		.byte	64
 627 01a1 40        		.byte	64
 628 01a2 00        		.byte	0
 629 01a3 01        		.byte	1
 630 01a4 02        		.byte	2
 631 01a5 04        		.byte	4
 632 01a6 00        		.byte	0
 633 01a7 20        		.byte	32
 634 01a8 54        		.byte	84
 635 01a9 54        		.byte	84
 636 01aa 54        		.byte	84
 637 01ab 78        		.byte	120
 638 01ac 7F        		.byte	127
 639 01ad 48        		.byte	72
 640 01ae 44        		.byte	68
 641 01af 44        		.byte	68
 642 01b0 38        		.byte	56
 643 01b1 38        		.byte	56
 644 01b2 44        		.byte	68
 645 01b3 44        		.byte	68
 646 01b4 44        		.byte	68
 647 01b5 20        		.byte	32
 648 01b6 38        		.byte	56
 649 01b7 44        		.byte	68
 650 01b8 44        		.byte	68
 651 01b9 48        		.byte	72
 652 01ba 7F        		.byte	127
 653 01bb 38        		.byte	56
 654 01bc 54        		.byte	84
 655 01bd 54        		.byte	84
 656 01be 54        		.byte	84
 657 01bf 18        		.byte	24
 658 01c0 08        		.byte	8
 659 01c1 7E        		.byte	126
 660 01c2 09        		.byte	9
 661 01c3 01        		.byte	1
 662 01c4 02        		.byte	2
 663 01c5 08        		.byte	8
 664 01c6 14        		.byte	20
 665 01c7 54        		.byte	84
 666 01c8 54        		.byte	84
 667 01c9 3C        		.byte	60
 668 01ca 7F        		.byte	127
 669 01cb 08        		.byte	8
 670 01cc 04        		.byte	4
 671 01cd 04        		.byte	4
 672 01ce 78        		.byte	120
 673 01cf 00        		.byte	0
 674 01d0 44        		.byte	68
 675 01d1 7D        		.byte	125
 676 01d2 40        		.byte	64
 677 01d3 00        		.byte	0
 678 01d4 20        		.byte	32
 679 01d5 40        		.byte	64
 680 01d6 44        		.byte	68
 681 01d7 3D        		.byte	61
 682 01d8 00        		.byte	0
 683 01d9 00        		.byte	0
 684 01da 7F        		.byte	127
 685 01db 10        		.byte	16
 686 01dc 28        		.byte	40
 687 01dd 44        		.byte	68
 688 01de 00        		.byte	0
 689 01df 41        		.byte	65
 690 01e0 7F        		.byte	127
 691 01e1 40        		.byte	64
 692 01e2 00        		.byte	0
 693 01e3 7C        		.byte	124
 694 01e4 04        		.byte	4
 695 01e5 18        		.byte	24
 696 01e6 04        		.byte	4
 697 01e7 78        		.byte	120
 698 01e8 7C        		.byte	124
 699 01e9 08        		.byte	8
 700 01ea 04        		.byte	4
 701 01eb 04        		.byte	4
 702 01ec 78        		.byte	120
 703 01ed 38        		.byte	56
 704 01ee 44        		.byte	68
 705 01ef 44        		.byte	68
 706 01f0 44        		.byte	68
 707 01f1 38        		.byte	56
 708 01f2 7C        		.byte	124
 709 01f3 14        		.byte	20
 710 01f4 14        		.byte	20
 711 01f5 14        		.byte	20
 712 01f6 08        		.byte	8
 713 01f7 08        		.byte	8
 714 01f8 14        		.byte	20
 715 01f9 14        		.byte	20
 716 01fa 18        		.byte	24
 717 01fb 7C        		.byte	124
 718 01fc 7C        		.byte	124
 719 01fd 08        		.byte	8
 720 01fe 04        		.byte	4
 721 01ff 04        		.byte	4
 722 0200 08        		.byte	8
 723 0201 48        		.byte	72
 724 0202 54        		.byte	84
 725 0203 54        		.byte	84
 726 0204 54        		.byte	84
 727 0205 20        		.byte	32
 728 0206 04        		.byte	4
 729 0207 3F        		.byte	63
 730 0208 44        		.byte	68
 731 0209 40        		.byte	64
 732 020a 20        		.byte	32
 733 020b 3C        		.byte	60
 734 020c 40        		.byte	64
 735 020d 40        		.byte	64
 736 020e 20        		.byte	32
 737 020f 7C        		.byte	124
 738 0210 1C        		.byte	28
 739 0211 20        		.byte	32
 740 0212 40        		.byte	64
 741 0213 20        		.byte	32
 742 0214 1C        		.byte	28
 743 0215 3C        		.byte	60
 744 0216 40        		.byte	64
 745 0217 30        		.byte	48
 746 0218 40        		.byte	64
 747 0219 3C        		.byte	60
 748 021a 44        		.byte	68
 749 021b 28        		.byte	40
 750 021c 10        		.byte	16
 751 021d 28        		.byte	40
 752 021e 44        		.byte	68
 753 021f 0C        		.byte	12
 754 0220 50        		.byte	80
 755 0221 50        		.byte	80
 756 0222 50        		.byte	80
 757 0223 3C        		.byte	60
 758 0224 44        		.byte	68
 759 0225 64        		.byte	100
 760 0226 54        		.byte	84
 761 0227 4C        		.byte	76
 762 0228 44        		.byte	68
 763 0229 00        		.byte	0
 764 022a 08        		.byte	8
 765 022b 36        		.byte	54
 766 022c 41        		.byte	65
 767 022d 00        		.byte	0
 768 022e 00        		.byte	0
 769 022f 00        		.byte	0
 770 0230 7F        		.byte	127
 771 0231 00        		.byte	0
 772 0232 00        		.byte	0
 773 0233 00        		.byte	0
 774 0234 41        		.byte	65
 775 0235 36        		.byte	54
 776 0236 08        		.byte	8
 777 0237 00        		.byte	0
 778 0238 08        		.byte	8
 779 0239 08        		.byte	8
 780 023a 2A        		.byte	42
 781 023b 1C        		.byte	28
 782 023c 08        		.byte	8
 783 023d 08        		.byte	8
 784 023e 1C        		.byte	28
 785 023f 2A        		.byte	42
 786 0240 08        		.byte	8
 787 0241 08        		.byte	8
 788               	.global	FontGr
 789               		.section	.progmem.data
 792               	FontGr:
 793               	.global	about
 794               		.section	.eeprom
 797               	about:
 798 0242 00        		.string	""
 799 0243 00        		.string	""
 800 0244 00        		.string	""
 801 0245 00        		.string	""
 802 0246 00        		.string	""
 803 0247 00        		.string	""
 804 0248 00        		.string	""
 805 0249 00        		.string	""
 806 024a 0A4D 756C 		.string	"\nMultiChron\013Version 1.1"
 806      7469 4368 
 806      726F 6E0B 
 806      5665 7273 
 806      696F 6E20 
 807 0262 0A4D 756C 		.string	"\nMultiChron\nby Dataman\rData Magician\022http://crjones.com"
 807      7469 4368 
 807      726F 6E0A 
 807      6279 2044 
 807      6174 616D 
 808 029a 0A44 6561 		.ascii	"\nDeathChron\fOpt"
 808      7468 4368 
 808      726F 6E0C 
 808      4F70 74
 809 02a9 696D 697A 		.string	"imization\tDebugging\fby CaitSith2\nCode Jedi!\024http://caitsith2.com"
 809      6174 696F 
 809      6E09 4465 
 809      6275 6767 
 809      696E 670C 
 810 02ea 0952 4154 		.string	"\tRATTChron\022MonoChron Hardware\nby LadyAda\020Simply The Best!"
 810      5443 6872 
 810      6F6E 124D 
 810      6F6E 6F43 
 810      6872 6F6E 
 811 0324 0553 6B75 		.ascii	"\005Skull\tTombstone\017T"
 811      6C6C 0954 
 811      6F6D 6273 
 811      746F 6E65 
 811      0F54 
 812 0336 6865 2047 		.string	"he Grim Reaper\021The Adafruit logo\022by Phillip Torrone\fVery Awesome"
 812      7269 6D20 
 812      5265 6170 
 812      6572 1154 
 812      6865 2041 
 813 0377 1341 6461 		.string	"\023Adafruit Industries\020www.adafruit.com"
 813      6672 7569 
 813      7420 496E 
 813      6475 7374 
 813      7269 6573 
 814 039d 00        		.string	""
 815 039e FF00      		.string	"\377"
 845               		.text
 847               	.Letext0:
DEFINED SYMBOLS
                            *ABS*:00000000 eeprom.c
     /tmp/ccHL2Bke.s:2      *ABS*:0000003f __SREG__
     /tmp/ccHL2Bke.s:3      *ABS*:0000003e __SP_H__
     /tmp/ccHL2Bke.s:4      *ABS*:0000003d __SP_L__
     /tmp/ccHL2Bke.s:5      *ABS*:00000034 __CCP__
     /tmp/ccHL2Bke.s:6      *ABS*:00000000 __tmp_reg__
     /tmp/ccHL2Bke.s:7      *ABS*:00000001 __zero_reg__
     /tmp/ccHL2Bke.s:105    .progmem.data:00000000 EE_DATA
     /tmp/ccHL2Bke.s:111    .eeprom:00000000 EE_INIT
     /tmp/ccHL2Bke.s:116    .eeprom:00000001 EE_ALARM_HOUR
     /tmp/ccHL2Bke.s:121    .eeprom:00000002 EE_ALARM_MIN
     /tmp/ccHL2Bke.s:126    .eeprom:00000003 EE_BRIGHT
     /tmp/ccHL2Bke.s:131    .eeprom:00000004 EE_REGION
     /tmp/ccHL2Bke.s:136    .eeprom:00000005 EE_TIME_FORMAT
     /tmp/ccHL2Bke.s:141    .eeprom:00000006 EE_SNOOZE
     /tmp/ccHL2Bke.s:146    .eeprom:00000007 EE_STYLE
     /tmp/ccHL2Bke.s:151    .eeprom:00000008 EE_DOB_MONTH
     /tmp/ccHL2Bke.s:156    .eeprom:00000009 EE_DOB_DAY
     /tmp/ccHL2Bke.s:161    .eeprom:0000000a EE_DOB_YEAR
     /tmp/ccHL2Bke.s:166    .eeprom:0000000b EE_SET_MONTH
     /tmp/ccHL2Bke.s:171    .eeprom:0000000c EE_SET_DAY
     /tmp/ccHL2Bke.s:176    .eeprom:0000000d EE_SET_YEAR
     /tmp/ccHL2Bke.s:181    .eeprom:0000000e EE_GENDER
     /tmp/ccHL2Bke.s:186    .eeprom:0000000f EE_DC_MODE
     /tmp/ccHL2Bke.s:191    .eeprom:00000010 EE_BMI_UNIT
     /tmp/ccHL2Bke.s:196    .eeprom:00000011 EE_BMI_WEIGHT
     /tmp/ccHL2Bke.s:201    .eeprom:00000013 EE_BMI_HEIGHT
     /tmp/ccHL2Bke.s:206    .eeprom:00000015 EE_SMOKER
     /tmp/ccHL2Bke.s:211    .eeprom:00000016 EE_SET_HOUR
     /tmp/ccHL2Bke.s:216    .eeprom:00000017 EE_SET_MIN
     /tmp/ccHL2Bke.s:221    .eeprom:00000018 EE_SET_SEC
     /tmp/ccHL2Bke.s:226    .eeprom:00000019 EE_TIMEZONE
     /tmp/ccHL2Bke.s:231    .eeprom:0000001a BigFont
     /tmp/ccHL2Bke.s:307    .eeprom:00000062 Font5x7
     /tmp/ccHL2Bke.s:792    .progmem.data:00000001 FontGr
     /tmp/ccHL2Bke.s:797    .eeprom:00000242 about

UNDEFINED SYMBOLS
__do_copy_data
__do_clear_bss
