   1               		.file	"rle.c"
   2               	__SREG__ = 0x3f
   3               	__SP_H__ = 0x3e
   4               	__SP_L__ = 0x3d
   5               	__CCP__  = 0x34
   6               	__tmp_reg__ = 0
   7               	__zero_reg__ = 1
   8               		.global __do_copy_data
   9               		.global __do_clear_bss
  12               		.text
  13               	.Ltext0:
  93               	.global	skull_on_white
  94               		.section	.progmem.data,"a",@progbits
  97               	skull_on_white:
  98 0000 00        		.byte	0
  99 0001 00        		.byte	0
 100 0002 01        		.byte	1
 101 0003 22        		.byte	34
 102 0004 26        		.byte	38
 103 0005 01        		.byte	1
 104 0006 1C        		.byte	28
 105 0007 2B        		.byte	43
 106 0008 01        		.byte	1
 107 0009 1A        		.byte	26
 108 000a 2D        		.byte	45
 109 000b 01        		.byte	1
 110 000c 18        		.byte	24
 111 000d 2E        		.byte	46
 112 000e 01        		.byte	1
 113 000f 17        		.byte	23
 114 0010 30        		.byte	48
 115 0011 01        		.byte	1
 116 0012 16        		.byte	22
 117 0013 31        		.byte	49
 118 0014 01        		.byte	1
 119 0015 15        		.byte	21
 120 0016 32        		.byte	50
 121 0017 01        		.byte	1
 122 0018 14        		.byte	20
 123 0019 33        		.byte	51
 124 001a 01        		.byte	1
 125 001b 13        		.byte	19
 126 001c 34        		.byte	52
 127 001d 01        		.byte	1
 128 001e 12        		.byte	18
 129 001f 35        		.byte	53
 130 0020 01        		.byte	1
 131 0021 12        		.byte	18
 132 0022 35        		.byte	53
 133 0023 01        		.byte	1
 134 0024 11        		.byte	17
 135 0025 36        		.byte	54
 136 0026 01        		.byte	1
 137 0027 11        		.byte	17
 138 0028 36        		.byte	54
 139 0029 01        		.byte	1
 140 002a 11        		.byte	17
 141 002b 37        		.byte	55
 142 002c 01        		.byte	1
 143 002d 10        		.byte	16
 144 002e 37        		.byte	55
 145 002f 01        		.byte	1
 146 0030 10        		.byte	16
 147 0031 37        		.byte	55
 148 0032 01        		.byte	1
 149 0033 10        		.byte	16
 150 0034 38        		.byte	56
 151 0035 01        		.byte	1
 152 0036 10        		.byte	16
 153 0037 38        		.byte	56
 154 0038 01        		.byte	1
 155 0039 10        		.byte	16
 156 003a 38        		.byte	56
 157 003b 01        		.byte	1
 158 003c 10        		.byte	16
 159 003d 38        		.byte	56
 160 003e 03        		.byte	3
 161 003f 06        		.byte	6
 162 0040 08        		.byte	8
 163 0041 10        		.byte	16
 164 0042 38        		.byte	56
 165 0043 41        		.byte	65
 166 0044 43        		.byte	67
 167 0045 03        		.byte	3
 168 0046 04        		.byte	4
 169 0047 09        		.byte	9
 170 0048 10        		.byte	16
 171 0049 38        		.byte	56
 172 004a 3F        		.byte	63
 173 004b 44        		.byte	68
 174 004c 04        		.byte	4
 175 004d 03        		.byte	3
 176 004e 0A        		.byte	10
 177 004f 10        		.byte	16
 178 0050 18        		.byte	24
 179 0051 1E        		.byte	30
 180 0052 37        		.byte	55
 181 0053 3E        		.byte	62
 182 0054 45        		.byte	69
 183 0055 05        		.byte	5
 184 0056 03        		.byte	3
 185 0057 0A        		.byte	10
 186 0058 11        		.byte	17
 187 0059 18        		.byte	24
 188 005a 20        		.byte	32
 189 005b 29        		.byte	41
 190 005c 2E        		.byte	46
 191 005d 37        		.byte	55
 192 005e 3E        		.byte	62
 193 005f 46        		.byte	70
 194 0060 05        		.byte	5
 195 0061 03        		.byte	3
 196 0062 0C        		.byte	12
 197 0063 11        		.byte	17
 198 0064 17        		.byte	23
 199 0065 21        		.byte	33
 200 0066 28        		.byte	40
 201 0067 30        		.byte	48
 202 0068 37        		.byte	55
 203 0069 3D        		.byte	61
 204 006a 46        		.byte	70
 205 006b 05        		.byte	5
 206 006c 02        		.byte	2
 207 006d 0E        		.byte	14
 208 006e 11        		.byte	17
 209 006f 17        		.byte	23
 210 0070 22        		.byte	34
 211 0071 28        		.byte	40
 212 0072 30        		.byte	48
 213 0073 37        		.byte	55
 214 0074 3B        		.byte	59
 215 0075 46        		.byte	70
 216 0076 05        		.byte	5
 217 0077 02        		.byte	2
 218 0078 0F        		.byte	15
 219 0079 12        		.byte	18
 220 007a 18        		.byte	24
 221 007b 21        		.byte	33
 222 007c 29        		.byte	41
 223 007d 31        		.byte	49
 224 007e 36        		.byte	54
 225 007f 39        		.byte	57
 226 0080 47        		.byte	71
 227 0081 05        		.byte	5
 228 0082 01        		.byte	1
 229 0083 10        		.byte	16
 230 0084 13        		.byte	19
 231 0085 1A        		.byte	26
 232 0086 1F        		.byte	31
 233 0087 29        		.byte	41
 234 0088 30        		.byte	48
 235 0089 36        		.byte	54
 236 008a 38        		.byte	56
 237 008b 47        		.byte	71
 238 008c 04        		.byte	4
 239 008d 01        		.byte	1
 240 008e 10        		.byte	16
 241 008f 13        		.byte	19
 242 0090 29        		.byte	41
 243 0091 2F        		.byte	47
 244 0092 35        		.byte	53
 245 0093 38        		.byte	56
 246 0094 47        		.byte	71
 247 0095 04        		.byte	4
 248 0096 02        		.byte	2
 249 0097 10        		.byte	16
 250 0098 13        		.byte	19
 251 0099 29        		.byte	41
 252 009a 2D        		.byte	45
 253 009b 35        		.byte	53
 254 009c 38        		.byte	56
 255 009d 47        		.byte	71
 256 009e 04        		.byte	4
 257 009f 03        		.byte	3
 258 00a0 11        		.byte	17
 259 00a1 13        		.byte	19
 260 00a2 24        		.byte	36
 261 00a3 27        		.byte	39
 262 00a4 35        		.byte	53
 263 00a5 37        		.byte	55
 264 00a6 46        		.byte	70
 265 00a7 06        		.byte	6
 266 00a8 05        		.byte	5
 267 00a9 06        		.byte	6
 268 00aa 0C        		.byte	12
 269 00ab 11        		.byte	17
 270 00ac 13        		.byte	19
 271 00ad 22        		.byte	34
 272 00ae 27        		.byte	39
 273 00af 35        		.byte	53
 274 00b0 37        		.byte	55
 275 00b1 3C        		.byte	60
 276 00b2 42        		.byte	66
 277 00b3 45        		.byte	69
 278 00b4 04        		.byte	4
 279 00b5 0F        		.byte	15
 280 00b6 11        		.byte	17
 281 00b7 13        		.byte	19
 282 00b8 21        		.byte	33
 283 00b9 26        		.byte	38
 284 00ba 35        		.byte	53
 285 00bb 37        		.byte	55
 286 00bc 3A        		.byte	58
 287 00bd 02        		.byte	2
 288 00be 14        		.byte	20
 289 00bf 20        		.byte	32
 290 00c0 27        		.byte	39
 291 00c1 35        		.byte	53
 292 00c2 02        		.byte	2
 293 00c3 14        		.byte	20
 294 00c4 20        		.byte	32
 295 00c5 28        		.byte	40
 296 00c6 35        		.byte	53
 297 00c7 02        		.byte	2
 298 00c8 15        		.byte	21
 299 00c9 20        		.byte	32
 300 00ca 28        		.byte	40
 301 00cb 35        		.byte	53
 302 00cc 02        		.byte	2
 303 00cd 16        		.byte	22
 304 00ce 25        		.byte	37
 305 00cf 27        		.byte	39
 306 00d0 34        		.byte	52
 307 00d1 01        		.byte	1
 308 00d2 1B        		.byte	27
 309 00d3 31        		.byte	49
 310 00d4 01        		.byte	1
 311 00d5 1C        		.byte	28
 312 00d6 2E        		.byte	46
 313 00d7 01        		.byte	1
 314 00d8 1D        		.byte	29
 315 00d9 2D        		.byte	45
 316 00da 01        		.byte	1
 317 00db 1D        		.byte	29
 318 00dc 2C        		.byte	44
 319 00dd 03        		.byte	3
 320 00de 18        		.byte	24
 321 00df 19        		.byte	25
 322 00e0 24        		.byte	36
 323 00e1 2B        		.byte	43
 324 00e2 30        		.byte	48
 325 00e3 32        		.byte	50
 326 00e4 05        		.byte	5
 327 00e5 18        		.byte	24
 328 00e6 1A        		.byte	26
 329 00e7 25        		.byte	37
 330 00e8 26        		.byte	38
 331 00e9 2B        		.byte	43
 332 00ea 2B        		.byte	43
 333 00eb 30        		.byte	48
 334 00ec 32        		.byte	50
 335 00ed 35        		.byte	53
 336 00ee 35        		.byte	53
 337 00ef 04        		.byte	4
 338 00f0 14        		.byte	20
 339 00f1 16        		.byte	22
 340 00f2 18        		.byte	24
 341 00f3 1A        		.byte	26
 342 00f4 30        		.byte	48
 343 00f5 31        		.byte	49
 344 00f6 34        		.byte	52
 345 00f7 37        		.byte	55
 346 00f8 07        		.byte	7
 347 00f9 11        		.byte	17
 348 00fa 16        		.byte	22
 349 00fb 19        		.byte	25
 350 00fc 1A        		.byte	26
 351 00fd 1D        		.byte	29
 352 00fe 1F        		.byte	31
 353 00ff 21        		.byte	33
 354 0100 24        		.byte	36
 355 0101 26        		.byte	38
 356 0102 2D        		.byte	45
 357 0103 30        		.byte	48
 358 0104 31        		.byte	49
 359 0105 34        		.byte	52
 360 0106 3A        		.byte	58
 361 0107 03        		.byte	3
 362 0108 0E        		.byte	14
 363 0109 16        		.byte	22
 364 010a 19        		.byte	25
 365 010b 31        		.byte	49
 366 010c 34        		.byte	52
 367 010d 3C        		.byte	60
 368 010e 05        		.byte	5
 369 010f 04        		.byte	4
 370 0110 06        		.byte	6
 371 0111 0B        		.byte	11
 372 0112 16        		.byte	22
 373 0113 19        		.byte	25
 374 0114 31        		.byte	49
 375 0115 34        		.byte	52
 376 0116 3F        		.byte	63
 377 0117 44        		.byte	68
 378 0118 48        		.byte	72
 379 0119 03        		.byte	3
 380 011a 02        		.byte	2
 381 011b 17        		.byte	23
 382 011c 19        		.byte	25
 383 011d 30        		.byte	48
 384 011e 33        		.byte	51
 385 011f 49        		.byte	73
 386 0120 03        		.byte	3
 387 0121 01        		.byte	1
 388 0122 17        		.byte	23
 389 0123 1A        		.byte	26
 390 0124 2F        		.byte	47
 391 0125 33        		.byte	51
 392 0126 49        		.byte	73
 393 0127 03        		.byte	3
 394 0128 01        		.byte	1
 395 0129 15        		.byte	21
 396 012a 1B        		.byte	27
 397 012b 2F        		.byte	47
 398 012c 36        		.byte	54
 399 012d 4A        		.byte	74
 400 012e 03        		.byte	3
 401 012f 01        		.byte	1
 402 0130 13        		.byte	19
 403 0131 1C        		.byte	28
 404 0132 2E        		.byte	46
 405 0133 38        		.byte	56
 406 0134 49        		.byte	73
 407 0135 03        		.byte	3
 408 0136 01        		.byte	1
 409 0137 10        		.byte	16
 410 0138 1D        		.byte	29
 411 0139 2D        		.byte	45
 412 013a 3A        		.byte	58
 413 013b 49        		.byte	73
 414 013c 03        		.byte	3
 415 013d 01        		.byte	1
 416 013e 0D        		.byte	13
 417 013f 1E        		.byte	30
 418 0140 2B        		.byte	43
 419 0141 3D        		.byte	61
 420 0142 49        		.byte	73
 421 0143 03        		.byte	3
 422 0144 02        		.byte	2
 423 0145 0B        		.byte	11
 424 0146 21        		.byte	33
 425 0147 29        		.byte	41
 426 0148 40        		.byte	64
 427 0149 48        		.byte	72
 428 014a 02        		.byte	2
 429 014b 02        		.byte	2
 430 014c 0A        		.byte	10
 431 014d 40        		.byte	64
 432 014e 48        		.byte	72
 433 014f 02        		.byte	2
 434 0150 02        		.byte	2
 435 0151 0A        		.byte	10
 436 0152 41        		.byte	65
 437 0153 48        		.byte	72
 438 0154 02        		.byte	2
 439 0155 03        		.byte	3
 440 0156 09        		.byte	9
 441 0157 41        		.byte	65
 442 0158 47        		.byte	71
 443 0159 02        		.byte	2
 444 015a 04        		.byte	4
 445 015b 08        		.byte	8
 446 015c 42        		.byte	66
 447 015d 46        		.byte	70
 448 015e 00        		.byte	0
 449 015f 00        		.byte	0
 450 0160 00        		.byte	0
 451 0161 00        		.byte	0
 452               	.global	reaper_on_white
 455               	reaper_on_white:
 456 0162 00        		.byte	0
 457 0163 00        		.byte	0
 458 0164 00        		.byte	0
 459 0165 00        		.byte	0
 460 0166 00        		.byte	0
 461 0167 01        		.byte	1
 462 0168 17        		.byte	23
 463 0169 1B        		.byte	27
 464 016a 01        		.byte	1
 465 016b 12        		.byte	18
 466 016c 1F        		.byte	31
 467 016d 01        		.byte	1
 468 016e 10        		.byte	16
 469 016f 22        		.byte	34
 470 0170 01        		.byte	1
 471 0171 0F        		.byte	15
 472 0172 24        		.byte	36
 473 0173 01        		.byte	1
 474 0174 0E        		.byte	14
 475 0175 25        		.byte	37
 476 0176 01        		.byte	1
 477 0177 0D        		.byte	13
 478 0178 27        		.byte	39
 479 0179 02        		.byte	2
 480 017a 0C        		.byte	12
 481 017b 10        		.byte	16
 482 017c 1D        		.byte	29
 483 017d 27        		.byte	39
 484 017e 02        		.byte	2
 485 017f 0B        		.byte	11
 486 0180 0E        		.byte	14
 487 0181 20        		.byte	32
 488 0182 28        		.byte	40
 489 0183 02        		.byte	2
 490 0184 0A        		.byte	10
 491 0185 0C        		.byte	12
 492 0186 22        		.byte	34
 493 0187 27        		.byte	39
 494 0188 03        		.byte	3
 495 0189 0A        		.byte	10
 496 018a 0B        		.byte	11
 497 018b 14        		.byte	20
 498 018c 1C        		.byte	28
 499 018d 22        		.byte	34
 500 018e 26        		.byte	38
 501 018f 03        		.byte	3
 502 0190 09        		.byte	9
 503 0191 0A        		.byte	10
 504 0192 10        		.byte	16
 505 0193 1D        		.byte	29
 506 0194 21        		.byte	33
 507 0195 23        		.byte	35
 508 0196 03        		.byte	3
 509 0197 08        		.byte	8
 510 0198 09        		.byte	9
 511 0199 0F        		.byte	15
 512 019a 1C        		.byte	28
 513 019b 21        		.byte	33
 514 019c 23        		.byte	35
 515 019d 02        		.byte	2
 516 019e 0F        		.byte	15
 517 019f 1C        		.byte	28
 518 01a0 21        		.byte	33
 519 01a1 22        		.byte	34
 520 01a2 02        		.byte	2
 521 01a3 10        		.byte	16
 522 01a4 1C        		.byte	28
 523 01a5 20        		.byte	32
 524 01a6 22        		.byte	34
 525 01a7 02        		.byte	2
 526 01a8 11        		.byte	17
 527 01a9 1C        		.byte	28
 528 01aa 20        		.byte	32
 529 01ab 22        		.byte	34
 530 01ac 02        		.byte	2
 531 01ad 12        		.byte	18
 532 01ae 1B        		.byte	27
 533 01af 1F        		.byte	31
 534 01b0 21        		.byte	33
 535 01b1 02        		.byte	2
 536 01b2 12        		.byte	18
 537 01b3 1B        		.byte	27
 538 01b4 1F        		.byte	31
 539 01b5 21        		.byte	33
 540 01b6 02        		.byte	2
 541 01b7 11        		.byte	17
 542 01b8 1B        		.byte	27
 543 01b9 1F        		.byte	31
 544 01ba 20        		.byte	32
 545 01bb 02        		.byte	2
 546 01bc 10        		.byte	16
 547 01bd 1B        		.byte	27
 548 01be 1E        		.byte	30
 549 01bf 20        		.byte	32
 550 01c0 02        		.byte	2
 551 01c1 0F        		.byte	15
 552 01c2 1A        		.byte	26
 553 01c3 1E        		.byte	30
 554 01c4 20        		.byte	32
 555 01c5 02        		.byte	2
 556 01c6 0E        		.byte	14
 557 01c7 1A        		.byte	26
 558 01c8 1D        		.byte	29
 559 01c9 1F        		.byte	31
 560 01ca 02        		.byte	2
 561 01cb 0E        		.byte	14
 562 01cc 1A        		.byte	26
 563 01cd 1D        		.byte	29
 564 01ce 1F        		.byte	31
 565 01cf 02        		.byte	2
 566 01d0 0D        		.byte	13
 567 01d1 1A        		.byte	26
 568 01d2 1D        		.byte	29
 569 01d3 1E        		.byte	30
 570 01d4 02        		.byte	2
 571 01d5 0D        		.byte	13
 572 01d6 19        		.byte	25
 573 01d7 1C        		.byte	28
 574 01d8 1E        		.byte	30
 575 01d9 02        		.byte	2
 576 01da 0C        		.byte	12
 577 01db 19        		.byte	25
 578 01dc 1C        		.byte	28
 579 01dd 1E        		.byte	30
 580 01de 01        		.byte	1
 581 01df 0C        		.byte	12
 582 01e0 1D        		.byte	29
 583 01e1 01        		.byte	1
 584 01e2 0B        		.byte	11
 585 01e3 1D        		.byte	29
 586 01e4 01        		.byte	1
 587 01e5 0B        		.byte	11
 588 01e6 1E        		.byte	30
 589 01e7 01        		.byte	1
 590 01e8 0B        		.byte	11
 591 01e9 1D        		.byte	29
 592 01ea 01        		.byte	1
 593 01eb 0B        		.byte	11
 594 01ec 1D        		.byte	29
 595 01ed 01        		.byte	1
 596 01ee 0A        		.byte	10
 597 01ef 1C        		.byte	28
 598 01f0 01        		.byte	1
 599 01f1 0A        		.byte	10
 600 01f2 1B        		.byte	27
 601 01f3 01        		.byte	1
 602 01f4 0A        		.byte	10
 603 01f5 1A        		.byte	26
 604 01f6 01        		.byte	1
 605 01f7 0A        		.byte	10
 606 01f8 1A        		.byte	26
 607 01f9 01        		.byte	1
 608 01fa 0A        		.byte	10
 609 01fb 1A        		.byte	26
 610 01fc 01        		.byte	1
 611 01fd 0A        		.byte	10
 612 01fe 1A        		.byte	26
 613 01ff 01        		.byte	1
 614 0200 0A        		.byte	10
 615 0201 19        		.byte	25
 616 0202 01        		.byte	1
 617 0203 09        		.byte	9
 618 0204 19        		.byte	25
 619 0205 01        		.byte	1
 620 0206 09        		.byte	9
 621 0207 19        		.byte	25
 622 0208 01        		.byte	1
 623 0209 09        		.byte	9
 624 020a 19        		.byte	25
 625 020b 01        		.byte	1
 626 020c 09        		.byte	9
 627 020d 1A        		.byte	26
 628 020e 01        		.byte	1
 629 020f 09        		.byte	9
 630 0210 1A        		.byte	26
 631 0211 01        		.byte	1
 632 0212 09        		.byte	9
 633 0213 1A        		.byte	26
 634 0214 01        		.byte	1
 635 0215 08        		.byte	8
 636 0216 1A        		.byte	26
 637 0217 01        		.byte	1
 638 0218 08        		.byte	8
 639 0219 1B        		.byte	27
 640 021a 01        		.byte	1
 641 021b 07        		.byte	7
 642 021c 1B        		.byte	27
 643 021d 01        		.byte	1
 644 021e 06        		.byte	6
 645 021f 1B        		.byte	27
 646 0220 01        		.byte	1
 647 0221 04        		.byte	4
 648 0222 1B        		.byte	27
 649 0223 01        		.byte	1
 650 0224 02        		.byte	2
 651 0225 1B        		.byte	27
 652 0226 01        		.byte	1
 653 0227 01        		.byte	1
 654 0228 1C        		.byte	28
 655 0229 01        		.byte	1
 656 022a 02        		.byte	2
 657 022b 1D        		.byte	29
 658 022c 01        		.byte	1
 659 022d 03        		.byte	3
 660 022e 1E        		.byte	30
 661 022f 01        		.byte	1
 662 0230 04        		.byte	4
 663 0231 20        		.byte	32
 664 0232 01        		.byte	1
 665 0233 05        		.byte	5
 666 0234 1F        		.byte	31
 667 0235 01        		.byte	1
 668 0236 08        		.byte	8
 669 0237 1D        		.byte	29
 670 0238 01        		.byte	1
 671 0239 0D        		.byte	13
 672 023a 1A        		.byte	26
 673 023b 01        		.byte	1
 674 023c 11        		.byte	17
 675 023d 15        		.byte	21
 676 023e 00        		.byte	0
 677 023f 00        		.byte	0
 678               	.global	rip_on_white
 681               	rip_on_white:
 682 0240 00        		.byte	0
 683 0241 00        		.byte	0
 684 0242 00        		.byte	0
 685 0243 01        		.byte	1
 686 0244 12        		.byte	18
 687 0245 19        		.byte	25
 688 0246 01        		.byte	1
 689 0247 0E        		.byte	14
 690 0248 1E        		.byte	30
 691 0249 01        		.byte	1
 692 024a 0C        		.byte	12
 693 024b 21        		.byte	33
 694 024c 01        		.byte	1
 695 024d 0A        		.byte	10
 696 024e 23        		.byte	35
 697 024f 03        		.byte	3
 698 0250 09        		.byte	9
 699 0251 0C        		.byte	12
 700 0252 12        		.byte	18
 701 0253 14        		.byte	20
 702 0254 19        		.byte	25
 703 0255 25        		.byte	37
 704 0256 03        		.byte	3
 705 0257 08        		.byte	8
 706 0258 0A        		.byte	10
 707 0259 14        		.byte	20
 708 025a 14        		.byte	20
 709 025b 1C        		.byte	28
 710 025c 26        		.byte	38
 711 025d 02        		.byte	2
 712 025e 07        		.byte	7
 713 025f 09        		.byte	9
 714 0260 1E        		.byte	30
 715 0261 28        		.byte	40
 716 0262 02        		.byte	2
 717 0263 06        		.byte	6
 718 0264 08        		.byte	8
 719 0265 20        		.byte	32
 720 0266 29        		.byte	41
 721 0267 02        		.byte	2
 722 0268 06        		.byte	6
 723 0269 07        		.byte	7
 724 026a 22        		.byte	34
 725 026b 2A        		.byte	42
 726 026c 02        		.byte	2
 727 026d 05        		.byte	5
 728 026e 07        		.byte	7
 729 026f 23        		.byte	35
 730 0270 2B        		.byte	43
 731 0271 02        		.byte	2
 732 0272 05        		.byte	5
 733 0273 06        		.byte	6
 734 0274 24        		.byte	36
 735 0275 2C        		.byte	44
 736 0276 02        		.byte	2
 737 0277 05        		.byte	5
 738 0278 06        		.byte	6
 739 0279 26        		.byte	38
 740 027a 2D        		.byte	45
 741 027b 02        		.byte	2
 742 027c 05        		.byte	5
 743 027d 06        		.byte	6
 744 027e 27        		.byte	39
 745 027f 2E        		.byte	46
 746 0280 02        		.byte	2
 747 0281 05        		.byte	5
 748 0282 06        		.byte	6
 749 0283 27        		.byte	39
 750 0284 2E        		.byte	46
 751 0285 03        		.byte	3
 752 0286 04        		.byte	4
 753 0287 05        		.byte	5
 754 0288 09        		.byte	9
 755 0289 0A        		.byte	10
 756 028a 28        		.byte	40
 757 028b 2F        		.byte	47
 758 028c 03        		.byte	3
 759 028d 04        		.byte	4
 760 028e 06        		.byte	6
 761 028f 08        		.byte	8
 762 0290 0E        		.byte	14
 763 0291 29        		.byte	41
 764 0292 2F        		.byte	47
 765 0293 03        		.byte	3
 766 0294 04        		.byte	4
 767 0295 06        		.byte	6
 768 0296 08        		.byte	8
 769 0297 11        		.byte	17
 770 0298 29        		.byte	41
 771 0299 30        		.byte	48
 772 029a 04        		.byte	4
 773 029b 04        		.byte	4
 774 029c 06        		.byte	6
 775 029d 08        		.byte	8
 776 029e 13        		.byte	19
 777 029f 17        		.byte	23
 778 02a0 19        		.byte	25
 779 02a1 2A        		.byte	42
 780 02a2 30        		.byte	48
 781 02a3 06        		.byte	6
 782 02a4 04        		.byte	4
 783 02a5 06        		.byte	6
 784 02a6 08        		.byte	8
 785 02a7 0B        		.byte	11
 786 02a8 0F        		.byte	15
 787 02a9 13        		.byte	19
 788 02aa 17        		.byte	23
 789 02ab 1A        		.byte	26
 790 02ac 1E        		.byte	30
 791 02ad 20        		.byte	32
 792 02ae 2A        		.byte	42
 793 02af 31        		.byte	49
 794 02b0 06        		.byte	6
 795 02b1 04        		.byte	4
 796 02b2 06        		.byte	6
 797 02b3 08        		.byte	8
 798 02b4 0B        		.byte	11
 799 02b5 11        		.byte	17
 800 02b6 14        		.byte	20
 801 02b7 17        		.byte	23
 802 02b8 19        		.byte	25
 803 02b9 1E        		.byte	30
 804 02ba 25        		.byte	37
 805 02bb 2B        		.byte	43
 806 02bc 31        		.byte	49
 807 02bd 05        		.byte	5
 808 02be 04        		.byte	4
 809 02bf 06        		.byte	6
 810 02c0 08        		.byte	8
 811 02c1 14        		.byte	20
 812 02c2 16        		.byte	22
 813 02c3 19        		.byte	25
 814 02c4 1E        		.byte	30
 815 02c5 27        		.byte	39
 816 02c6 2B        		.byte	43
 817 02c7 31        		.byte	49
 818 02c8 05        		.byte	5
 819 02c9 04        		.byte	4
 820 02ca 05        		.byte	5
 821 02cb 08        		.byte	8
 822 02cc 13        		.byte	19
 823 02cd 16        		.byte	22
 824 02ce 19        		.byte	25
 825 02cf 1E        		.byte	30
 826 02d0 28        		.byte	40
 827 02d1 2B        		.byte	43
 828 02d2 31        		.byte	49
 829 02d3 07        		.byte	7
 830 02d4 04        		.byte	4
 831 02d5 06        		.byte	6
 832 02d6 08        		.byte	8
 833 02d7 0B        		.byte	11
 834 02d8 0D        		.byte	13
 835 02d9 12        		.byte	18
 836 02da 16        		.byte	22
 837 02db 19        		.byte	25
 838 02dc 1E        		.byte	30
 839 02dd 21        		.byte	33
 840 02de 25        		.byte	37
 841 02df 29        		.byte	41
 842 02e0 2B        		.byte	43
 843 02e1 32        		.byte	50
 844 02e2 07        		.byte	7
 845 02e3 04        		.byte	4
 846 02e4 05        		.byte	5
 847 02e5 08        		.byte	8
 848 02e6 0A        		.byte	10
 849 02e7 0E        		.byte	14
 850 02e8 11        		.byte	17
 851 02e9 16        		.byte	22
 852 02ea 19        		.byte	25
 853 02eb 1E        		.byte	30
 854 02ec 21        		.byte	33
 855 02ed 26        		.byte	38
 856 02ee 29        		.byte	41
 857 02ef 2C        		.byte	44
 858 02f0 32        		.byte	50
 859 02f1 06        		.byte	6
 860 02f2 04        		.byte	4
 861 02f3 05        		.byte	5
 862 02f4 07        		.byte	7
 863 02f5 0A        		.byte	10
 864 02f6 0F        		.byte	15
 865 02f7 12        		.byte	18
 866 02f8 16        		.byte	22
 867 02f9 19        		.byte	25
 868 02fa 1D        		.byte	29
 869 02fb 29        		.byte	41
 870 02fc 2C        		.byte	44
 871 02fd 32        		.byte	50
 872 02fe 06        		.byte	6
 873 02ff 04        		.byte	4
 874 0300 05        		.byte	5
 875 0301 07        		.byte	7
 876 0302 0A        		.byte	10
 877 0303 0F        		.byte	15
 878 0304 12        		.byte	18
 879 0305 16        		.byte	22
 880 0306 19        		.byte	25
 881 0307 1D        		.byte	29
 882 0308 28        		.byte	40
 883 0309 2C        		.byte	44
 884 030a 32        		.byte	50
 885 030b 06        		.byte	6
 886 030c 04        		.byte	4
 887 030d 06        		.byte	6
 888 030e 09        		.byte	9
 889 030f 0A        		.byte	10
 890 0310 10        		.byte	16
 891 0311 13        		.byte	19
 892 0312 16        		.byte	22
 893 0313 19        		.byte	25
 894 0314 1D        		.byte	29
 895 0315 27        		.byte	39
 896 0316 2C        		.byte	44
 897 0317 32        		.byte	50
 898 0318 05        		.byte	5
 899 0319 04        		.byte	4
 900 031a 06        		.byte	6
 901 031b 11        		.byte	17
 902 031c 14        		.byte	20
 903 031d 16        		.byte	22
 904 031e 18        		.byte	24
 905 031f 1D        		.byte	29
 906 0320 20        		.byte	32
 907 0321 2B        		.byte	43
 908 0322 32        		.byte	50
 909 0323 05        		.byte	5
 910 0324 04        		.byte	4
 911 0325 06        		.byte	6
 912 0326 13        		.byte	19
 913 0327 13        		.byte	19
 914 0328 16        		.byte	22
 915 0329 18        		.byte	24
 916 032a 1D        		.byte	29
 917 032b 20        		.byte	32
 918 032c 2A        		.byte	42
 919 032d 32        		.byte	50
 920 032e 03        		.byte	3
 921 032f 04        		.byte	4
 922 0330 06        		.byte	6
 923 0331 1D        		.byte	29
 924 0332 20        		.byte	32
 925 0333 2C        		.byte	44
 926 0334 32        		.byte	50
 927 0335 02        		.byte	2
 928 0336 04        		.byte	4
 929 0337 06        		.byte	6
 930 0338 2C        		.byte	44
 931 0339 32        		.byte	50
 932 033a 02        		.byte	2
 933 033b 04        		.byte	4
 934 033c 06        		.byte	6
 935 033d 2C        		.byte	44
 936 033e 32        		.byte	50
 937 033f 02        		.byte	2
 938 0340 04        		.byte	4
 939 0341 06        		.byte	6
 940 0342 2C        		.byte	44
 941 0343 32        		.byte	50
 942 0344 02        		.byte	2
 943 0345 04        		.byte	4
 944 0346 06        		.byte	6
 945 0347 2C        		.byte	44
 946 0348 32        		.byte	50
 947 0349 02        		.byte	2
 948 034a 04        		.byte	4
 949 034b 06        		.byte	6
 950 034c 2C        		.byte	44
 951 034d 32        		.byte	50
 952 034e 02        		.byte	2
 953 034f 04        		.byte	4
 954 0350 06        		.byte	6
 955 0351 2C        		.byte	44
 956 0352 32        		.byte	50
 957 0353 02        		.byte	2
 958 0354 05        		.byte	5
 959 0355 06        		.byte	6
 960 0356 2C        		.byte	44
 961 0357 32        		.byte	50
 962 0358 02        		.byte	2
 963 0359 04        		.byte	4
 964 035a 05        		.byte	5
 965 035b 2C        		.byte	44
 966 035c 32        		.byte	50
 967 035d 02        		.byte	2
 968 035e 04        		.byte	4
 969 035f 05        		.byte	5
 970 0360 2C        		.byte	44
 971 0361 32        		.byte	50
 972 0362 02        		.byte	2
 973 0363 04        		.byte	4
 974 0364 05        		.byte	5
 975 0365 2B        		.byte	43
 976 0366 32        		.byte	50
 977 0367 02        		.byte	2
 978 0368 04        		.byte	4
 979 0369 05        		.byte	5
 980 036a 2B        		.byte	43
 981 036b 32        		.byte	50
 982 036c 02        		.byte	2
 983 036d 04        		.byte	4
 984 036e 05        		.byte	5
 985 036f 2C        		.byte	44
 986 0370 32        		.byte	50
 987 0371 02        		.byte	2
 988 0372 04        		.byte	4
 989 0373 07        		.byte	7
 990 0374 2C        		.byte	44
 991 0375 32        		.byte	50
 992 0376 02        		.byte	2
 993 0377 05        		.byte	5
 994 0378 07        		.byte	7
 995 0379 2C        		.byte	44
 996 037a 32        		.byte	50
 997 037b 02        		.byte	2
 998 037c 05        		.byte	5
 999 037d 07        		.byte	7
 1000 037e 2C        		.byte	44
 1001 037f 32        		.byte	50
 1002 0380 02        		.byte	2
 1003 0381 05        		.byte	5
 1004 0382 06        		.byte	6
 1005 0383 2C        		.byte	44
 1006 0384 32        		.byte	50
 1007 0385 02        		.byte	2
 1008 0386 04        		.byte	4
 1009 0387 06        		.byte	6
 1010 0388 2C        		.byte	44
 1011 0389 32        		.byte	50
 1012 038a 02        		.byte	2
 1013 038b 03        		.byte	3
 1014 038c 08        		.byte	8
 1015 038d 2C        		.byte	44
 1016 038e 32        		.byte	50
 1017 038f 02        		.byte	2
 1018 0390 03        		.byte	3
 1019 0391 09        		.byte	9
 1020 0392 2C        		.byte	44
 1021 0393 32        		.byte	50
 1022 0394 02        		.byte	2
 1023 0395 01        		.byte	1
 1024 0396 09        		.byte	9
 1025 0397 2C        		.byte	44
 1026 0398 34        		.byte	52
 1027 0399 04        		.byte	4
 1028 039a 03        		.byte	3
 1029 039b 08        		.byte	8
 1030 039c 0D        		.byte	13
 1031 039d 10        		.byte	16
 1032 039e 14        		.byte	20
 1033 039f 15        		.byte	21
 1034 03a0 2C        		.byte	44
 1035 03a1 34        		.byte	52
 1036 03a2 02        		.byte	2
 1037 03a3 0F        		.byte	15
 1038 03a4 15        		.byte	21
 1039 03a5 2C        		.byte	44
 1040 03a6 33        		.byte	51
 1041 03a7 03        		.byte	3
 1042 03a8 12        		.byte	18
 1043 03a9 1A        		.byte	26
 1044 03aa 2C        		.byte	44
 1045 03ab 32        		.byte	50
 1046 03ac 34        		.byte	52
 1047 03ad 36        		.byte	54
 1048 03ae 02        		.byte	2
 1049 03af 14        		.byte	20
 1050 03b0 1D        		.byte	29
 1051 03b1 2C        		.byte	44
 1052 03b2 35        		.byte	53
 1053 03b3 02        		.byte	2
 1054 03b4 15        		.byte	21
 1055 03b5 20        		.byte	32
 1056 03b6 2C        		.byte	44
 1057 03b7 34        		.byte	52
 1058 03b8 03        		.byte	3
 1059 03b9 15        		.byte	21
 1060 03ba 18        		.byte	24
 1061 03bb 1D        		.byte	29
 1062 03bc 24        		.byte	36
 1063 03bd 2C        		.byte	44
 1064 03be 33        		.byte	51
 1065 03bf 02        		.byte	2
 1066 03c0 20        		.byte	32
 1067 03c1 27        		.byte	39
 1068 03c2 2C        		.byte	44
 1069 03c3 32        		.byte	50
 1070 03c4 01        		.byte	1
 1071 03c5 23        		.byte	35
 1072 03c6 32        		.byte	50
 1073 03c7 01        		.byte	1
 1074 03c8 27        		.byte	39
 1075 03c9 31        		.byte	49
 1076 03ca 01        		.byte	1
 1077 03cb 2B        		.byte	43
 1078 03cc 2D        		.byte	45
 1079 03cd 00        		.byte	0
 1080               	.global	adafruit
 1083               	adafruit:
 1084 03ce 00        		.byte	0
 1085 03cf 00        		.byte	0
 1086 03d0 00        		.byte	0
 1087 03d1 00        		.byte	0
 1088 03d2 01        		.byte	1
 1089 03d3 21        		.byte	33
 1090 03d4 21        		.byte	33
 1091 03d5 01        		.byte	1
 1092 03d6 20        		.byte	32
 1093 03d7 21        		.byte	33
 1094 03d8 01        		.byte	1
 1095 03d9 1E        		.byte	30
 1096 03da 22        		.byte	34
 1097 03db 01        		.byte	1
 1098 03dc 1D        		.byte	29
 1099 03dd 22        		.byte	34
 1100 03de 01        		.byte	1
 1101 03df 1C        		.byte	28
 1102 03e0 22        		.byte	34
 1103 03e1 01        		.byte	1
 1104 03e2 1B        		.byte	27
 1105 03e3 23        		.byte	35
 1106 03e4 01        		.byte	1
 1107 03e5 1A        		.byte	26
 1108 03e6 23        		.byte	35
 1109 03e7 01        		.byte	1
 1110 03e8 1A        		.byte	26
 1111 03e9 23        		.byte	35
 1112 03ea 01        		.byte	1
 1113 03eb 19        		.byte	25
 1114 03ec 24        		.byte	36
 1115 03ed 01        		.byte	1
 1116 03ee 18        		.byte	24
 1117 03ef 24        		.byte	36
 1118 03f0 01        		.byte	1
 1119 03f1 18        		.byte	24
 1120 03f2 24        		.byte	36
 1121 03f3 01        		.byte	1
 1122 03f4 18        		.byte	24
 1123 03f5 24        		.byte	36
 1124 03f6 02        		.byte	2
 1125 03f7 03        		.byte	3
 1126 03f8 09        		.byte	9
 1127 03f9 17        		.byte	23
 1128 03fa 24        		.byte	36
 1129 03fb 02        		.byte	2
 1130 03fc 01        		.byte	1
 1131 03fd 0E        		.byte	14
 1132 03fe 17        		.byte	23
 1133 03ff 24        		.byte	36
 1134 0400 02        		.byte	2
 1135 0401 01        		.byte	1
 1136 0402 10        		.byte	16
 1137 0403 17        		.byte	23
 1138 0404 24        		.byte	36
 1139 0405 02        		.byte	2
 1140 0406 01        		.byte	1
 1141 0407 11        		.byte	17
 1142 0408 16        		.byte	22
 1143 0409 24        		.byte	36
 1144 040a 03        		.byte	3
 1145 040b 01        		.byte	1
 1146 040c 13        		.byte	19
 1147 040d 16        		.byte	22
 1148 040e 1C        		.byte	28
 1149 040f 20        		.byte	32
 1150 0410 24        		.byte	36
 1151 0411 03        		.byte	3
 1152 0412 01        		.byte	1
 1153 0413 14        		.byte	20
 1154 0414 16        		.byte	22
 1155 0415 1B        		.byte	27
 1156 0416 20        		.byte	32
 1157 0417 24        		.byte	36
 1158 0418 02        		.byte	2
 1159 0419 01        		.byte	1
 1160 041a 1B        		.byte	27
 1161 041b 20        		.byte	32
 1162 041c 24        		.byte	36
 1163 041d 02        		.byte	2
 1164 041e 02        		.byte	2
 1165 041f 1A        		.byte	26
 1166 0420 20        		.byte	32
 1167 0421 24        		.byte	36
 1168 0422 04        		.byte	4
 1169 0423 02        		.byte	2
 1170 0424 0F        		.byte	15
 1171 0425 11        		.byte	17
 1172 0426 1A        		.byte	26
 1173 0427 20        		.byte	32
 1174 0428 25        		.byte	37
 1175 0429 2A        		.byte	42
 1176 042a 2D        		.byte	45
 1177 042b 03        		.byte	3
 1178 042c 02        		.byte	2
 1179 042d 0E        		.byte	14
 1180 042e 14        		.byte	20
 1181 042f 1A        		.byte	26
 1182 0430 20        		.byte	32
 1183 0431 30        		.byte	48
 1184 0432 03        		.byte	3
 1185 0433 03        		.byte	3
 1186 0434 0E        		.byte	14
 1187 0435 16        		.byte	22
 1188 0436 1A        		.byte	26
 1189 0437 1F        		.byte	31
 1190 0438 31        		.byte	49
 1191 0439 03        		.byte	3
 1192 043a 03        		.byte	3
 1193 043b 0E        		.byte	14
 1194 043c 17        		.byte	23
 1195 043d 1A        		.byte	26
 1196 043e 1F        		.byte	31
 1197 043f 33        		.byte	51
 1198 0440 03        		.byte	3
 1199 0441 04        		.byte	4
 1200 0442 0F        		.byte	15
 1201 0443 18        		.byte	24
 1202 0444 1A        		.byte	26
 1203 0445 1E        		.byte	30
 1204 0446 34        		.byte	52
 1205 0447 03        		.byte	3
 1206 0448 05        		.byte	5
 1207 0449 11        		.byte	17
 1208 044a 18        		.byte	24
 1209 044b 1A        		.byte	26
 1210 044c 1D        		.byte	29
 1211 044d 35        		.byte	53
 1212 044e 02        		.byte	2
 1213 044f 07        		.byte	7
 1214 0450 12        		.byte	18
 1215 0451 18        		.byte	24
 1216 0452 36        		.byte	54
 1217 0453 02        		.byte	2
 1218 0454 09        		.byte	9
 1219 0455 1E        		.byte	30
 1220 0456 27        		.byte	39
 1221 0457 37        		.byte	55
 1222 0458 02        		.byte	2
 1223 0459 0A        		.byte	10
 1224 045a 1D        		.byte	29
 1225 045b 28        		.byte	40
 1226 045c 36        		.byte	54
 1227 045d 02        		.byte	2
 1228 045e 0B        		.byte	11
 1229 045f 1D        		.byte	29
 1230 0460 28        		.byte	40
 1231 0461 36        		.byte	54
 1232 0462 02        		.byte	2
 1233 0463 0B        		.byte	11
 1234 0464 1D        		.byte	29
 1235 0465 28        		.byte	40
 1236 0466 35        		.byte	53
 1237 0467 03        		.byte	3
 1238 0468 0B        		.byte	11
 1239 0469 13        		.byte	19
 1240 046a 18        		.byte	24
 1241 046b 20        		.byte	32
 1242 046c 26        		.byte	38
 1243 046d 34        		.byte	52
 1244 046e 03        		.byte	3
 1245 046f 0A        		.byte	10
 1246 0470 12        		.byte	18
 1247 0471 18        		.byte	24
 1248 0472 1B        		.byte	27
 1249 0473 1D        		.byte	29
 1250 0474 34        		.byte	52
 1251 0475 03        		.byte	3
 1252 0476 09        		.byte	9
 1253 0477 11        		.byte	17
 1254 0478 18        		.byte	24
 1255 0479 1A        		.byte	26
 1256 047a 1E        		.byte	30
 1257 047b 33        		.byte	51
 1258 047c 03        		.byte	3
 1259 047d 07        		.byte	7
 1260 047e 10        		.byte	16
 1261 047f 17        		.byte	23
 1262 0480 1A        		.byte	26
 1263 0481 1F        		.byte	31
 1264 0482 33        		.byte	51
 1265 0483 04        		.byte	4
 1266 0484 07        		.byte	7
 1267 0485 10        		.byte	16
 1268 0486 16        		.byte	22
 1269 0487 1A        		.byte	26
 1270 0488 1F        		.byte	31
 1271 0489 23        		.byte	35
 1272 048a 26        		.byte	38
 1273 048b 32        		.byte	50
 1274 048c 04        		.byte	4
 1275 048d 06        		.byte	6
 1276 048e 0F        		.byte	15
 1277 048f 16        		.byte	22
 1278 0490 1A        		.byte	26
 1279 0491 1F        		.byte	31
 1280 0492 23        		.byte	35
 1281 0493 28        		.byte	40
 1282 0494 31        		.byte	49
 1283 0495 04        		.byte	4
 1284 0496 05        		.byte	5
 1285 0497 0F        		.byte	15
 1286 0498 14        		.byte	20
 1287 0499 1A        		.byte	26
 1288 049a 20        		.byte	32
 1289 049b 24        		.byte	36
 1290 049c 2A        		.byte	42
 1291 049d 2F        		.byte	47
 1292 049e 03        		.byte	3
 1293 049f 05        		.byte	5
 1294 04a0 0F        		.byte	15
 1295 04a1 13        		.byte	19
 1296 04a2 1A        		.byte	26
 1297 04a3 20        		.byte	32
 1298 04a4 24        		.byte	36
 1299 04a5 02        		.byte	2
 1300 04a6 04        		.byte	4
 1301 04a7 1B        		.byte	27
 1302 04a8 20        		.byte	32
 1303 04a9 25        		.byte	37
 1304 04aa 02        		.byte	2
 1305 04ab 04        		.byte	4
 1306 04ac 1B        		.byte	27
 1307 04ad 20        		.byte	32
 1308 04ae 25        		.byte	37
 1309 04af 03        		.byte	3
 1310 04b0 04        		.byte	4
 1311 04b1 15        		.byte	21
 1312 04b2 18        		.byte	24
 1313 04b3 1B        		.byte	27
 1314 04b4 20        		.byte	32
 1315 04b5 26        		.byte	38
 1316 04b6 03        		.byte	3
 1317 04b7 03        		.byte	3
 1318 04b8 14        		.byte	20
 1319 04b9 18        		.byte	24
 1320 04ba 1C        		.byte	28
 1321 04bb 20        		.byte	32
 1322 04bc 26        		.byte	38
 1323 04bd 02        		.byte	2
 1324 04be 03        		.byte	3
 1325 04bf 13        		.byte	19
 1326 04c0 18        		.byte	24
 1327 04c1 27        		.byte	39
 1328 04c2 02        		.byte	2
 1329 04c3 03        		.byte	3
 1330 04c4 12        		.byte	18
 1331 04c5 18        		.byte	24
 1332 04c6 27        		.byte	39
 1333 04c7 02        		.byte	2
 1334 04c8 03        		.byte	3
 1335 04c9 11        		.byte	17
 1336 04ca 19        		.byte	25
 1337 04cb 27        		.byte	39
 1338 04cc 02        		.byte	2
 1339 04cd 03        		.byte	3
 1340 04ce 0F        		.byte	15
 1341 04cf 19        		.byte	25
 1342 04d0 27        		.byte	39
 1343 04d1 02        		.byte	2
 1344 04d2 03        		.byte	3
 1345 04d3 0C        		.byte	12
 1346 04d4 19        		.byte	25
 1347 04d5 27        		.byte	39
 1348 04d6 01        		.byte	1
 1349 04d7 1A        		.byte	26
 1350 04d8 27        		.byte	39
 1351 04d9 01        		.byte	1
 1352 04da 1A        		.byte	26
 1353 04db 27        		.byte	39
 1354 04dc 01        		.byte	1
 1355 04dd 1B        		.byte	27
 1356 04de 27        		.byte	39
 1357 04df 01        		.byte	1
 1358 04e0 1C        		.byte	28
 1359 04e1 26        		.byte	38
 1360 04e2 01        		.byte	1
 1361 04e3 1D        		.byte	29
 1362 04e4 26        		.byte	38
 1363 04e5 01        		.byte	1
 1364 04e6 1E        		.byte	30
 1365 04e7 25        		.byte	37
 1366 04e8 01        		.byte	1
 1367 04e9 20        		.byte	32
 1368 04ea 24        		.byte	36
 1369 04eb 00        		.byte	0
 1370 04ec 00        		.byte	0
 1371 04ed 00        		.byte	0
 1372 04ee 00        		.byte	0
 1373 04ef 00        		.byte	0
 1378               		.text
 1380               	.Letext0:
DEFINED SYMBOLS
                            *ABS*:00000000 rle.c
     /tmp/cc040CZh.s:2      *ABS*:0000003f __SREG__
     /tmp/cc040CZh.s:3      *ABS*:0000003e __SP_H__
     /tmp/cc040CZh.s:4      *ABS*:0000003d __SP_L__
     /tmp/cc040CZh.s:5      *ABS*:00000034 __CCP__
     /tmp/cc040CZh.s:6      *ABS*:00000000 __tmp_reg__
     /tmp/cc040CZh.s:7      *ABS*:00000001 __zero_reg__
     /tmp/cc040CZh.s:97     .progmem.data:00000000 skull_on_white
     /tmp/cc040CZh.s:455    .progmem.data:00000162 reaper_on_white
     /tmp/cc040CZh.s:681    .progmem.data:00000240 rip_on_white
     /tmp/cc040CZh.s:1083   .progmem.data:000003ce adafruit

UNDEFINED SYMBOLS
__do_copy_data
__do_clear_bss
